{"name":"myapp","hostname":"SC-201706182334","pid":9204,"level":50,"message":"ER_NO_SUCH_TABLE: Table 'live_db.live_grou' doesn't exist","msg":"","time":"2018-07-26T19:30:25.476Z","v":0}
{"name":"myapp","hostname":"SC-201807121532","pid":22556,"level":50,"message":"ER_PARSE_ERROR: You have an error in your SQL syntax; check the manual that corresponds to your MySQL server version for the right syntax to use near 'a_status where id=1' at line 1","msg":"","time":"2018-07-27T07:09:00.970Z","v":0}
{"name":"myapp","hostname":"SC-201807121532","pid":19464,"level":50,"message":"ER_PARSE_ERROR: You have an error in your SQL syntax; check the manual that corresponds to your MySQL server version for the right syntax to use near 'a_status where id=1' at line 1","msg":"","time":"2018-07-27T07:09:38.364Z","v":0}
{"name":"myapp","hostname":"SC-201807121532","pid":24316,"level":50,"message":"ER_BAD_FIELD_ERROR: Unknown column 'phone' in 'field list'","msg":"","time":"2018-07-27T07:13:41.342Z","v":0}
{"name":"myapp","hostname":"SC-201807121532","pid":22228,"level":50,"message":"ER_BAD_FIELD_ERROR: Unknown column 'phone' in 'field list'","msg":"","time":"2018-07-27T07:16:05.034Z","v":0}
{"name":"myapp","hostname":"SC-201807121532","pid":18504,"level":50,"message":"ER_BAD_FIELD_ERROR: Unknown column 'phone' in 'field list'","msg":"","time":"2018-07-27T07:16:19.123Z","v":0}
{"name":"myapp","hostname":"SC-201807121532","pid":25260,"level":50,"message":"ER_BAD_FIELD_ERROR: Unknown column 'i' in 'where clause'","msg":"","time":"2018-07-27T07:42:10.078Z","v":0}
{"name":"myapp","hostname":"SC-201807121532","pid":16732,"level":50,"message":"ER_PARSE_ERROR: You have an error in your SQL syntax; check the manual that corresponds to your MySQL server version for the right syntax to use near '? where id=?' at line 1","msg":"","time":"2018-07-27T10:44:47.217Z","v":0}
{"name":"myapp","hostname":"SC-201807121532","pid":17652,"level":50,"message":"ER_PARSE_ERROR: You have an error in your SQL syntax; check the manual that corresponds to your MySQL server version for the right syntax to use near '? where id=?' at line 1","msg":"","time":"2018-07-27T10:45:12.963Z","v":0}
{"name":"myapp","hostname":"SC-201807121532","pid":26980,"level":50,"message":"ER_PARSE_ERROR: You have an error in your SQL syntax; check the manual that corresponds to your MySQL server version for the right syntax to use near '?' at line 1","msg":"","time":"2018-07-27T11:55:11.222Z","v":0}
{"name":"myapp","hostname":"SC-201807121532","pid":23752,"level":50,"message":"ER_PARSE_ERROR: You have an error in your SQL syntax; check the manual that corresponds to your MySQL server version for the right syntax to use near '='174'' at line 1","msg":"","time":"2018-07-27T12:11:40.196Z","v":0}
{"name":"myapp","hostname":"SC-201807121532","pid":26536,"level":50,"message":"ER_PARSE_ERROR: You have an error in your SQL syntax; check the manual that corresponds to your MySQL server version for the right syntax to use near '.end_freeze_time from live_usersubset b where userid='174'' at line 1","msg":"","time":"2018-07-27T12:15:35.473Z","v":0}
{"name":"myapp","hostname":"SC-201807121532","pid":18160,"level":50,"message":"ER_PARSE_ERROR: You have an error in your SQL syntax; check the manual that corresponds to your MySQL server version for the right syntax to use near '.end_freeze_time from live_usersubset b where userid='174'' at line 1","msg":"","time":"2018-07-27T12:16:54.445Z","v":0}
{"name":"myapp","hostname":"SC-201807121532","pid":21588,"level":50,"message":"ER_PARSE_ERROR: You have an error in your SQL syntax; check the manual that corresponds to your MySQL server version for the right syntax to use near '.end_freeze_time from live_usersubset As b where userid='174'' at line 1","msg":"","time":"2018-07-27T12:17:36.359Z","v":0}
{"name":"myapp","hostname":"SC-201807121532","pid":24700,"level":50,"message":"ER_BAD_FIELD_ERROR: Unknown column 'NaN' in 'field list'","msg":"","time":"2018-07-27T13:34:21.741Z","v":0}
{"name":"myapp","hostname":"SC-201807121532","pid":24700,"level":50,"message":"ER_BAD_FIELD_ERROR: Unknown column 'NaN' in 'field list'","msg":"","time":"2018-07-27T13:34:27.326Z","v":0}
{"name":"myapp","hostname":"SC-201807121532","pid":24700,"level":50,"message":"ER_BAD_FIELD_ERROR: Unknown column 'NaN' in 'field list'","msg":"","time":"2018-07-27T13:35:00.850Z","v":0}
{"name":"myapp","hostname":"SC-201807121532","pid":25660,"level":50,"message":"ER_BAD_FIELD_ERROR: Unknown column 'NaN' in 'field list'","msg":"","time":"2018-07-27T13:35:22.400Z","v":0}
{"name":"myapp","hostname":"SC-201807121532","pid":23160,"level":50,"message":"ER_BAD_FIELD_ERROR: Unknown column 'NaN' in 'field list'","msg":"","time":"2018-07-27T13:35:34.067Z","v":0}
{"name":"myapp","hostname":"SC-201807121532","pid":27888,"level":50,"message":"ER_BAD_FIELD_ERROR: Unknown column 'NaN' in 'field list'","msg":"","time":"2018-07-27T13:39:57.399Z","v":0}
{"name":"myapp","hostname":"SC-201807121532","pid":28588,"level":50,"message":"ER_BAD_FIELD_ERROR: Unknown column 'NaN' in 'field list'","msg":"","time":"2018-07-27T13:43:09.657Z","v":0}
{"name":"myapp","hostname":"SC-201807121532","pid":28136,"level":50,"message":"ER_BAD_FIELD_ERROR: Unknown column 'NaN' in 'field list'","msg":"","time":"2018-07-27T13:44:05.779Z","v":0}
{"name":"myapp","hostname":"SC-201807121532","pid":18160,"level":50,"message":"ER_BAD_FIELD_ERROR: Unknown column 'NaN' in 'field list'","msg":"","time":"2018-07-27T13:46:46.413Z","v":0}
{"name":"myapp","hostname":"SC-201807121532","pid":25272,"level":50,"message":"ER_BAD_FIELD_ERROR: Unknown column 'NaN' in 'field list'","msg":"","time":"2018-07-27T13:47:29.862Z","v":0}
{"name":"myapp","hostname":"SC-201807121532","pid":28568,"level":50,"message":"ER_BAD_FIELD_ERROR: Unknown column 'NaN' in 'field list'","msg":"","time":"2018-07-27T13:49:02.982Z","v":0}
{"name":"myapp","hostname":"SC-201807121532","pid":27720,"level":50,"message":"ER_BAD_FIELD_ERROR: Unknown column 'NaN' in 'field list'","msg":"","time":"2018-07-27T13:49:19.597Z","v":0}
