{"name":"myapp","hostname":"SC-201807121532","pid":15156,"level":50,"message":"ER_SP_UNDECLARED_VAR: Undeclared variable: NaN","msg":"","time":"2018-08-15T11:16:00.463Z","v":0}
{"name":"myapp","hostname":"SC-201807121532","pid":2652,"level":50,"message":"ER_NON_UNIQ_ERROR: Column 'create_time' in order clause is ambiguous","msg":"","time":"2018-08-15T11:16:49.513Z","v":0}
{"name":"myapp","hostname":"SC-201807121532","pid":14652,"level":50,"message":"ER_NON_UNIQ_ERROR: Column 'create_time' in order clause is ambiguous","msg":"","time":"2018-08-15T11:18:13.236Z","v":0}
{"name":"myapp","hostname":"SC-201807121532","pid":13684,"level":50,"message":"ER_PARSE_ERROR: You have an error in your SQL syntax; check the manual that corresponds to your MySQL server version for the right syntax to use near 'ORDER BY u.id,u.id limit 0,10' at line 1","msg":"","time":"2018-08-15T11:20:33.885Z","v":0}
{"name":"myapp","hostname":"SC-201807121532","pid":10772,"level":50,"message":"ER_PARSE_ERROR: You have an error in your SQL syntax; check the manual that corresponds to your MySQL server version for the right syntax to use near 'ORDER BY u.id,u.id limit 0,10' at line 1","msg":"","time":"2018-08-15T11:21:01.125Z","v":0}
{"name":"myapp","hostname":"SC-201807121532","pid":21184,"level":50,"message":"ER_PARSE_ERROR: You have an error in your SQL syntax; check the manual that corresponds to your MySQL server version for the right syntax to use near 'in ORDER BY u.create_time,u.id limit 0,10' at line 1","msg":"","time":"2018-08-15T11:27:19.327Z","v":0}
{"name":"myapp","hostname":"SC-201807121532","pid":11056,"level":50,"message":"ER_PARSE_ERROR: You have an error in your SQL syntax; check the manual that corresponds to your MySQL server version for the right syntax to use near 'join ORDER BY u.create_time,u.id limit 0,10' at line 1","msg":"","time":"2018-08-15T11:27:39.952Z","v":0}
{"name":"myapp","hostname":"SC-201807121532","pid":7932,"level":50,"message":"ER_PARSE_ERROR: You have an error in your SQL syntax; check the manual that corresponds to your MySQL server version for the right syntax to use near 'join limit 0,10' at line 1","msg":"","time":"2018-08-15T11:30:05.639Z","v":0}
{"name":"myapp","hostname":"SC-201807121532","pid":21132,"level":50,"message":"ER_PARSE_ERROR: You have an error in your SQL syntax; check the manual that corresponds to your MySQL server version for the right syntax to use near 'join ORDER BY u.create_time,u.id limit 0,10' at line 1","msg":"","time":"2018-08-15T11:30:13.268Z","v":0}
{"name":"myapp","hostname":"SC-201807121532","pid":10124,"level":50,"message":"ER_PARSE_ERROR: You have an error in your SQL syntax; check the manual that corresponds to your MySQL server version for the right syntax to use near 'inner join ORDER BY u.create_time,u.id limit 0,10' at line 1","msg":"","time":"2018-08-15T11:32:28.283Z","v":0}
{"name":"myapp","hostname":"SC-201807121532","pid":19512,"level":50,"message":"ER_PARSE_ERROR: You have an error in your SQL syntax; check the manual that corresponds to your MySQL server version for the right syntax to use near 'ORDER BY u.create_time,u.id limit 0,10' at line 1","msg":"","time":"2018-08-15T11:34:26.943Z","v":0}
{"name":"myapp","hostname":"SC-201807121532","pid":22740,"level":50,"message":"ER_PARSE_ERROR: You have an error in your SQL syntax; check the manual that corresponds to your MySQL server version for the right syntax to use near 'BY u.create_time,u.id limit 0,10' at line 1","msg":"","time":"2018-08-15T11:34:37.750Z","v":0}
{"name":"myapp","hostname":"SC-201807121532","pid":13764,"level":50,"message":"ER_PARSE_ERROR: You have an error in your SQL syntax; check the manual that corresponds to your MySQL server version for the right syntax to use near 'BY u.create_time,u.id limit 0,10' at line 1","msg":"","time":"2018-08-15T11:34:54.437Z","v":0}
{"name":"myapp","hostname":"SC-201807121532","pid":2200,"level":50,"message":"ER_PARSE_ERROR: You have an error in your SQL syntax; check the manual that corresponds to your MySQL server version for the right syntax to use near 'BY u.create_time,u.id limit 0,10' at line 1","msg":"","time":"2018-08-15T11:35:05.692Z","v":0}
{"name":"myapp","hostname":"SC-201807121532","pid":22456,"level":50,"message":"ER_PARSE_ERROR: You have an error in your SQL syntax; check the manual that corresponds to your MySQL server version for the right syntax to use near 'BY u.create_time,u.id limit 0,10' at line 1","msg":"","time":"2018-08-15T11:35:12.750Z","v":0}
{"name":"myapp","hostname":"SC-201807121532","pid":7524,"level":50,"message":"ER_PARSE_ERROR: You have an error in your SQL syntax; check the manual that corresponds to your MySQL server version for the right syntax to use near 'BY u.create_time,u.id limit 0,10' at line 1","msg":"","time":"2018-08-15T11:35:35.731Z","v":0}
{"name":"myapp","hostname":"SC-201807121532","pid":19292,"level":50,"message":"ER_SP_UNDECLARED_VAR: Undeclared variable: NaN","msg":"","time":"2018-08-15T11:35:45.774Z","v":0}
{"name":"myapp","hostname":"SC-201807121532","pid":20300,"level":50,"message":"ER_NON_UNIQ_ERROR: Column 'create_time' in order clause is ambiguous","msg":"","time":"2018-08-15T11:35:56.325Z","v":0}
{"name":"myapp","hostname":"SC-201807121532","pid":19956,"level":50,"message":"ER_PARSE_ERROR: You have an error in your SQL syntax; check the manual that corresponds to your MySQL server version for the right syntax to use near 'ORDER BY u.create_time,u.id limit 0,10' at line 1","msg":"","time":"2018-08-15T11:44:12.972Z","v":0}
{"name":"myapp","hostname":"SC-201807121532","pid":22172,"level":50,"message":"ER_PARSE_ERROR: You have an error in your SQL syntax; check the manual that corresponds to your MySQL server version for the right syntax to use near 'ORDER BY u.create_time,u.id limit 0,10' at line 1","msg":"","time":"2018-08-15T11:44:34.248Z","v":0}
{"name":"myapp","hostname":"SC-201807121532","pid":6636,"level":50,"message":"ER_PARSE_ERROR: You have an error in your SQL syntax; check the manual that corresponds to your MySQL server version for the right syntax to use near '1=1ORDER BY u.create_time,u.id limit 0,10' at line 1","msg":"","time":"2018-08-15T11:48:16.317Z","v":0}
{"name":"myapp","hostname":"SC-201807121532","pid":8912,"level":50,"message":"ER_PARSE_ERROR: You have an error in your SQL syntax; check the manual that corresponds to your MySQL server version for the right syntax to use near 'BY u.create_time,u.id limit 0,10' at line 1","msg":"","time":"2018-08-15T11:49:59.398Z","v":0}
{"name":"myapp","hostname":"SC-201807121532","pid":3896,"level":50,"message":"ER_PARSE_ERROR: You have an error in your SQL syntax; check the manual that corresponds to your MySQL server version for the right syntax to use near 'BY u.create_time,u.id limit 0,10' at line 1","msg":"","time":"2018-08-15T11:50:13.850Z","v":0}
{"name":"myapp","hostname":"SC-201807121532","pid":18284,"level":50,"message":"ER_SP_UNDECLARED_VAR: Undeclared variable: NaN","msg":"","time":"2018-08-15T12:09:22.242Z","v":0}
{"name":"myapp","hostname":"SC-201807121532","pid":18284,"level":50,"message":"ER_SP_UNDECLARED_VAR: Undeclared variable: NaN","msg":"","time":"2018-08-15T12:09:36.171Z","v":0}
{"name":"myapp","hostname":"SC-201807121532","pid":18284,"level":50,"message":"ER_SP_UNDECLARED_VAR: Undeclared variable: NaN","msg":"","time":"2018-08-15T12:10:01.542Z","v":0}
{"name":"myapp","hostname":"SC-201807121532","pid":18284,"level":50,"message":"ER_SP_UNDECLARED_VAR: Undeclared variable: NaN","msg":"","time":"2018-08-15T12:11:09.476Z","v":0}
{"name":"myapp","hostname":"SC-201807121532","pid":18284,"level":50,"message":"ER_SP_UNDECLARED_VAR: Undeclared variable: NaN","msg":"","time":"2018-08-15T12:11:45.049Z","v":0}
