{"name":"myapp","hostname":"SC-201807121532","pid":13248,"level":30,"message":"GET /userApi/userSearch - 17ms 200","msg":"","time":"2018-07-18T10:14:12.248Z","v":0}
{"name":"myapp","hostname":"SC-201807121532","pid":13248,"level":30,"message":"DELETE /logout - 6ms 200","msg":"","time":"2018-07-18T10:15:33.708Z","v":0}
{"name":"myapp","hostname":"SC-201807121532","pid":13248,"level":30,"message":"DELETE /logout - 1ms 200","msg":"","time":"2018-07-18T10:17:19.721Z","v":0}
{"name":"myapp","hostname":"SC-201807121532","pid":13248,"level":30,"message":"DELETE /logout - 1ms 200","msg":"","time":"2018-07-18T10:17:22.808Z","v":0}
{"name":"myapp","hostname":"SC-201807121532","pid":2352,"level":30,"message":"DELETE /logout - 3ms 200","msg":"","time":"2018-07-18T10:20:21.350Z","v":0}
{"name":"myapp","hostname":"SC-201807121532","pid":12140,"level":30,"message":"DELETE /logout - 5ms 200","msg":"","time":"2018-07-18T10:20:54.303Z","v":0}
{"name":"myapp","hostname":"SC-201807121532","pid":10192,"level":30,"message":"DELETE /logout - 5ms 200","msg":"","time":"2018-07-18T10:21:20.072Z","v":0}
{"name":"myapp","hostname":"SC-201807121532","pid":12920,"level":30,"message":"DELETE /logout - 4ms 200","msg":"","time":"2018-07-18T10:22:17.820Z","v":0}
{"name":"myapp","hostname":"SC-201807121532","pid":12360,"level":30,"message":"DELETE /logout - 3ms 401","msg":"","time":"2018-07-18T10:23:19.106Z","v":0}
{"name":"myapp","hostname":"SC-201807121532","pid":9288,"level":30,"message":"POST /login - 18ms 403","msg":"","time":"2018-07-18T10:24:22.612Z","v":0}
{"name":"myapp","hostname":"SC-201807121532","pid":9288,"level":30,"message":"POST /login - 6ms 200","msg":"","time":"2018-07-18T10:24:43.877Z","v":0}
{"name":"myapp","hostname":"SC-201807121532","pid":1632,"level":30,"message":"POST /login - 13ms 200","msg":"","time":"2018-07-18T10:44:47.457Z","v":0}
{"name":"myapp","hostname":"SC-201807121532","pid":11696,"level":30,"message":"POST /login - 15ms 200","msg":"","time":"2018-07-18T10:46:37.091Z","v":0}
{"name":"myapp","hostname":"SC-201807121532","pid":11696,"level":30,"message":"POST /login - 3ms 200","msg":"","time":"2018-07-18T10:49:19.730Z","v":0}
{"name":"myapp","hostname":"SC-201807121532","pid":13756,"level":30,"message":"POST /logout - 1ms 405","msg":"","time":"2018-07-18T10:55:35.280Z","v":0}
{"name":"myapp","hostname":"SC-201807121532","pid":13756,"level":30,"message":"DELETE /logout - 15ms 404","msg":"","time":"2018-07-18T10:55:41.574Z","v":0}
{"name":"myapp","hostname":"SC-201807121532","pid":9844,"level":30,"message":"DELETE /logout - 16ms 404","msg":"","time":"2018-07-18T10:58:54.725Z","v":0}
{"name":"myapp","hostname":"SC-201807121532","pid":9844,"level":30,"message":"DELETE /login - 1ms 405","msg":"","time":"2018-07-18T10:59:03.467Z","v":0}
{"name":"myapp","hostname":"SC-201807121532","pid":9844,"level":30,"message":"POST /login - 7ms 200","msg":"","time":"2018-07-18T10:59:06.972Z","v":0}
{"name":"myapp","hostname":"SC-201807121532","pid":9844,"level":30,"message":"DELETE /login - 0ms 405","msg":"","time":"2018-07-18T10:59:32.317Z","v":0}
{"name":"myapp","hostname":"SC-201807121532","pid":9844,"level":30,"message":"DELETE /logout - 5ms 404","msg":"","time":"2018-07-18T10:59:39.038Z","v":0}
{"name":"myapp","hostname":"SC-201807121532","pid":9844,"level":30,"message":"DELETE /login - 0ms 405","msg":"","time":"2018-07-18T10:59:49.063Z","v":0}
{"name":"myapp","hostname":"SC-201807121532","pid":9844,"level":30,"message":"POST /login - 2ms 200","msg":"","time":"2018-07-18T10:59:53.629Z","v":0}
{"name":"myapp","hostname":"SC-201807121532","pid":9844,"level":30,"message":"DELETE /logout - 6ms 400","msg":"","time":"2018-07-18T11:00:14.552Z","v":0}
{"name":"myapp","hostname":"SC-201807121532","pid":9844,"level":30,"message":"DELETE /logout - 2ms 404","msg":"","time":"2018-07-18T11:00:19.238Z","v":0}
{"name":"myapp","hostname":"SC-201807121532","pid":2996,"level":30,"message":"DELETE /logout - 13ms 404","msg":"","time":"2018-07-18T11:00:50.981Z","v":0}
{"name":"myapp","hostname":"SC-201807121532","pid":12176,"level":30,"message":"DELETE /logout - 15ms 200","msg":"","time":"2018-07-18T11:01:25.354Z","v":0}
{"name":"myapp","hostname":"SC-201807121532","pid":11072,"level":30,"message":"DELETE /logout - 19ms 200","msg":"","time":"2018-07-18T11:02:11.630Z","v":0}
{"name":"myapp","hostname":"SC-201807121532","pid":12336,"level":30,"message":"POST /login - 12ms 200","msg":"","time":"2018-07-18T11:02:37.734Z","v":0}
{"name":"myapp","hostname":"SC-201807121532","pid":7244,"level":30,"message":"DELETE /logout - 13ms 404","msg":"","time":"2018-07-18T11:03:54.449Z","v":0}
{"name":"myapp","hostname":"SC-201807121532","pid":13336,"level":30,"message":"DELETE /logout - 12ms 200","msg":"","time":"2018-07-18T11:04:22.329Z","v":0}
{"name":"myapp","hostname":"SC-201807121532","pid":11376,"level":30,"message":"DELETE /logout - 12ms 200","msg":"","time":"2018-07-18T11:04:42.852Z","v":0}
{"name":"myapp","hostname":"SC-201807121532","pid":12336,"level":30,"message":"DELETE /logout - 14ms 200","msg":"","time":"2018-07-18T11:05:35.100Z","v":0}
{"name":"myapp","hostname":"SC-201807121532","pid":13508,"level":30,"message":"DELETE /logout - 14ms 404","msg":"","time":"2018-07-18T11:09:05.694Z","v":0}
{"name":"myapp","hostname":"SC-201807121532","pid":9116,"level":30,"message":"DELETE /logout - 9ms 404","msg":"","time":"2018-07-18T11:09:51.339Z","v":0}
{"name":"myapp","hostname":"SC-201807121532","pid":4788,"level":30,"message":"DELETE /logout - 12ms 404","msg":"","time":"2018-07-18T11:10:03.633Z","v":0}
{"name":"myapp","hostname":"SC-201807121532","pid":12336,"level":30,"message":"DELETE /logout - 15ms 404","msg":"","time":"2018-07-18T11:10:22.435Z","v":0}
{"name":"myapp","hostname":"SC-201807121532","pid":6060,"level":30,"message":"DELETE /logout - 12ms 200","msg":"","time":"2018-07-18T11:10:48.612Z","v":0}
{"name":"myapp","hostname":"SC-201807121532","pid":1532,"level":30,"message":"DELETE /logout - 12ms 404","msg":"","time":"2018-07-18T11:10:55.247Z","v":0}
{"name":"myapp","hostname":"SC-201807121532","pid":6180,"level":30,"message":"DELETE /logout - 11ms 404","msg":"","time":"2018-07-18T11:12:34.053Z","v":0}
{"name":"myapp","hostname":"SC-201807121532","pid":14164,"level":30,"message":"DELETE /logout - 14ms 200","msg":"","time":"2018-07-18T11:13:00.565Z","v":0}
{"name":"myapp","hostname":"SC-201807121532","pid":6060,"level":30,"message":"POST /login - 14ms 200","msg":"","time":"2018-07-18T11:14:20.701Z","v":0}
{"name":"myapp","hostname":"SC-201807121532","pid":6060,"level":30,"message":"POST /logout - 1ms 405","msg":"","time":"2018-07-18T11:14:44.194Z","v":0}
{"name":"myapp","hostname":"SC-201807121532","pid":6060,"level":30,"message":"DELETE /logout - 3ms 200","msg":"","time":"2018-07-18T11:14:48.374Z","v":0}
{"name":"myapp","hostname":"SC-201807121532","pid":1444,"level":30,"message":"DELETE /logout - 15ms 404","msg":"","time":"2018-07-18T11:15:17.542Z","v":0}
{"name":"myapp","hostname":"SC-201807121532","pid":12320,"level":30,"message":"DELETE /logout - 4ms 401","msg":"","time":"2018-07-18T11:15:30.508Z","v":0}
{"name":"myapp","hostname":"SC-201807121532","pid":12320,"level":30,"message":"POST /login - 15ms 200","msg":"","time":"2018-07-18T11:15:39.987Z","v":0}
{"name":"myapp","hostname":"SC-201807121532","pid":12320,"level":30,"message":"DELETE /logout - 4ms 200","msg":"","time":"2018-07-18T11:16:06.209Z","v":0}
{"name":"myapp","hostname":"SC-201807121532","pid":14108,"level":30,"message":"POST /login - 15ms 200","msg":"","time":"2018-07-18T11:17:02.336Z","v":0}
{"name":"myapp","hostname":"SC-201807121532","pid":14108,"level":30,"message":"POST /logout - 1ms 405","msg":"","time":"2018-07-18T11:17:17.224Z","v":0}
{"name":"myapp","hostname":"SC-201807121532","pid":14108,"level":30,"message":"DELETE /logout - 4ms 200","msg":"","time":"2018-07-18T11:17:21.784Z","v":0}
{"name":"myapp","hostname":"SC-201807121532","pid":14032,"level":30,"message":"POST /login - 13ms 200","msg":"","time":"2018-07-18T12:02:28.540Z","v":0}
{"name":"myapp","hostname":"SC-201807121532","pid":14032,"level":30,"message":"POST /logout - 0ms 405","msg":"","time":"2018-07-18T12:02:50.381Z","v":0}
{"name":"myapp","hostname":"SC-201807121532","pid":14032,"level":30,"message":"DELETE /logout - 1ms 200","msg":"","time":"2018-07-18T12:02:53.413Z","v":0}
{"name":"myapp","hostname":"SC-201807121532","pid":15292,"level":30,"message":"DELETE /logout - 14ms 200","msg":"","time":"2018-07-18T12:03:27.158Z","v":0}
{"name":"myapp","hostname":"SC-201807121532","pid":15292,"level":30,"message":"POST /login - 7ms 200","msg":"","time":"2018-07-18T12:03:55.756Z","v":0}
{"name":"myapp","hostname":"SC-201807121532","pid":15292,"level":30,"message":"POST /userApi/addMerchant - 1ms 401","msg":"","time":"2018-07-18T12:05:10.659Z","v":0}
{"name":"myapp","hostname":"SC-201807121532","pid":15292,"level":30,"message":"POST /login - 4ms 200","msg":"","time":"2018-07-18T12:05:43.029Z","v":0}
{"name":"myapp","hostname":"SC-201807121532","pid":15292,"level":30,"message":"POST /userApi/addMerchant - 2ms 500","msg":"","time":"2018-07-18T12:06:02.558Z","v":0}
{"name":"myapp","hostname":"SC-201807121532","pid":15292,"level":30,"message":"POST /userApi/addMerchant - 3ms 200","msg":"","time":"2018-07-18T12:06:17.480Z","v":0}
{"name":"myapp","hostname":"SC-201807121532","pid":15292,"level":30,"message":"POST /userApi/addMerchant - 40ms 200","msg":"","time":"2018-07-18T12:06:22.747Z","v":0}
{"name":"myapp","hostname":"SC-201807121532","pid":15292,"level":30,"message":"GET /userApi/findMerchant - 5ms 200","msg":"","time":"2018-07-18T12:07:06.669Z","v":0}
{"name":"myapp","hostname":"SC-201807121532","pid":14364,"level":30,"message":"DELETE /logout - 7ms 200","msg":"","time":"2018-07-18T12:09:38.832Z","v":0}
{"name":"myapp","hostname":"SC-201807121532","pid":14364,"level":30,"message":"DELETE /logout - 1ms 401","msg":"","time":"2018-07-18T12:09:50.617Z","v":0}
{"name":"myapp","hostname":"SC-201807121532","pid":9292,"level":30,"message":"POST /register - 12ms 500","msg":"","time":"2018-07-18T12:11:45.717Z","v":0}
{"name":"myapp","hostname":"SC-201807121532","pid":9292,"level":30,"message":"POST /register - 4ms 500","msg":"","time":"2018-07-18T12:12:06.184Z","v":0}
{"name":"myapp","hostname":"SC-201807121532","pid":9292,"level":30,"message":"POST /login - 11ms 200","msg":"","time":"2018-07-18T12:13:27.687Z","v":0}
{"name":"myapp","hostname":"SC-201807121532","pid":9292,"level":30,"message":"POST /userApi/addUserGroup - 7ms 200","msg":"","time":"2018-07-18T12:15:08.009Z","v":0}
{"name":"myapp","hostname":"SC-201807121532","pid":9292,"level":30,"message":"POST /userApi/addUserGroup - 2ms 200","msg":"","time":"2018-07-18T12:15:24.764Z","v":0}
{"name":"myapp","hostname":"SC-201807121532","pid":9292,"level":30,"message":"POST /userApi/addUserGroup - 7ms 200","msg":"","time":"2018-07-18T12:15:32.051Z","v":0}
{"name":"myapp","hostname":"SC-201807121532","pid":9292,"level":30,"message":"POST /userApi/addUserGroup - 3ms 200","msg":"","time":"2018-07-18T12:16:09.751Z","v":0}
{"name":"myapp","hostname":"SC-201807121532","pid":9292,"level":30,"message":"POST /userApi/updateGroup - 1ms 400","msg":"","time":"2018-07-18T12:16:32.663Z","v":0}
{"name":"myapp","hostname":"SC-201807121532","pid":9292,"level":30,"message":"POST /userApi/updateGroup - 2ms 200","msg":"","time":"2018-07-18T12:16:54.355Z","v":0}
{"name":"myapp","hostname":"SC-201807121532","pid":9292,"level":30,"message":"POST /userApi/updateGroup - 2ms 200","msg":"","time":"2018-07-18T12:16:57.450Z","v":0}
{"name":"myapp","hostname":"SC-201807121532","pid":9292,"level":30,"message":"POST /userApi/updateGroup - 2ms 200","msg":"","time":"2018-07-18T12:17:09.487Z","v":0}
{"name":"myapp","hostname":"SC-201807121532","pid":9292,"level":30,"message":"POST /userApi/updateGroup - 3ms 200","msg":"","time":"2018-07-18T12:17:28.917Z","v":0}
{"name":"myapp","hostname":"SC-201807121532","pid":9292,"level":30,"message":"POST /userApi/addUserGroup - 2ms 500","msg":"","time":"2018-07-18T12:17:41.354Z","v":0}
{"name":"myapp","hostname":"SC-201807121532","pid":9292,"level":30,"message":"POST /userApi/addUserGroup - 3ms 200","msg":"","time":"2018-07-18T12:17:55.505Z","v":0}
{"name":"myapp","hostname":"SC-201807121532","pid":9292,"level":30,"message":"POST /logout - 1ms 405","msg":"","time":"2018-07-18T12:18:39.866Z","v":0}
{"name":"myapp","hostname":"SC-201807121532","pid":9292,"level":30,"message":"DELETE /logout - 4ms 200","msg":"","time":"2018-07-18T12:18:42.597Z","v":0}
{"name":"myapp","hostname":"SC-201807121532","pid":9292,"level":30,"message":"DELETE /register - 0ms 405","msg":"","time":"2018-07-18T12:18:57.695Z","v":0}
{"name":"myapp","hostname":"SC-201807121532","pid":9292,"level":30,"message":"POST /register - 2ms 500","msg":"","time":"2018-07-18T12:19:00.368Z","v":0}
{"name":"myapp","hostname":"SC-201807121532","pid":12752,"level":30,"message":"POST /register - 14ms 500","msg":"","time":"2018-07-18T12:19:32.481Z","v":0}
{"name":"myapp","hostname":"SC-201807121532","pid":12752,"level":30,"message":"POST /register - 3ms 200","msg":"","time":"2018-07-18T12:19:41.064Z","v":0}
{"name":"myapp","hostname":"SC-201807121532","pid":12752,"level":30,"message":"POST /login - 2ms 403","msg":"","time":"2018-07-18T12:20:17.255Z","v":0}
{"name":"myapp","hostname":"SC-201807121532","pid":12752,"level":30,"message":"POST /login - 6ms 200","msg":"","time":"2018-07-18T12:20:25.649Z","v":0}
{"name":"myapp","hostname":"SC-201807121532","pid":12752,"level":30,"message":"GET /userApi/findGroupUser - 4ms 400","msg":"","time":"2018-07-18T12:20:52.328Z","v":0}
{"name":"myapp","hostname":"SC-201807121532","pid":12752,"level":30,"message":"GET /userApi/findGroupUser?id=33 - 8ms 200","msg":"","time":"2018-07-18T12:21:08.578Z","v":0}
{"name":"myapp","hostname":"SC-201807121532","pid":12752,"level":30,"message":"GET /userApi/findGroupUser?id=40 - 11ms 200","msg":"","time":"2018-07-18T12:21:17.364Z","v":0}
